2023-07-11T20:11:03.133-04:00  INFO 69208 --- [restartedMain] o.s.equipcare.HemsApplication            : Starting HemsApplication using Java 17.0.7 with PID 69208 (C:\Users\shabn\IdeaProjects\hems\target\classes started by shabn in C:\Users\shabn\IdeaProjects\hems)
2023-07-11T20:11:03.146-04:00  INFO 69208 --- [restartedMain] o.s.equipcare.HemsApplication            : No active profile set, falling back to 1 default profile: "default"
2023-07-11T20:11:03.379-04:00  INFO 69208 --- [restartedMain] .e.DevToolsPropertyDefaultsPostProcessor : Devtools property defaults active! Set 'spring.devtools.add-properties' to 'false' to disable
2023-07-11T20:11:03.379-04:00  INFO 69208 --- [restartedMain] .e.DevToolsPropertyDefaultsPostProcessor : For additional web related logging consider setting the 'logging.level.web' property to 'DEBUG'
2023-07-11T20:11:06.201-04:00  INFO 69208 --- [restartedMain] .s.d.r.c.RepositoryConfigurationDelegate : Bootstrapping Spring Data JPA repositories in DEFAULT mode.
2023-07-11T20:11:06.399-04:00  INFO 69208 --- [restartedMain] .s.d.r.c.RepositoryConfigurationDelegate : Finished Spring Data repository scanning in 181 ms. Found 5 JPA repository interfaces.
2023-07-11T20:11:08.498-04:00  INFO 69208 --- [restartedMain] o.s.b.w.embedded.tomcat.TomcatWebServer  : Tomcat initialized with port(s): 8080 (http)
2023-07-11T20:11:08.537-04:00  INFO 69208 --- [restartedMain] o.apache.catalina.core.StandardService   : Starting service [Tomcat]
2023-07-11T20:11:08.538-04:00  INFO 69208 --- [restartedMain] o.apache.catalina.core.StandardEngine    : Starting Servlet engine: [Apache Tomcat/10.1.10]
2023-07-11T20:11:08.709-04:00  INFO 69208 --- [restartedMain] o.a.c.c.C.[Tomcat].[localhost].[/]       : Initializing Spring embedded WebApplicationContext
2023-07-11T20:11:08.710-04:00  INFO 69208 --- [restartedMain] w.s.c.ServletWebServerApplicationContext : Root WebApplicationContext: initialization completed in 5327 ms
2023-07-11T20:11:09.138-04:00  INFO 69208 --- [restartedMain] com.zaxxer.hikari.HikariDataSource       : HikariPool-1 - Starting...
2023-07-11T20:11:09.165-04:00  WARN 69208 --- [restartedMain] c.zaxxer.hikari.util.DriverDataSource    : Registered driver with driverClassName=com.mysql.jdbc.Driver was not found, trying direct instantiation.
2023-07-11T20:11:09.919-04:00  INFO 69208 --- [restartedMain] com.zaxxer.hikari.pool.HikariPool        : HikariPool-1 - Added connection com.mysql.cj.jdbc.ConnectionImpl@58044291
2023-07-11T20:11:09.922-04:00  INFO 69208 --- [restartedMain] com.zaxxer.hikari.HikariDataSource       : HikariPool-1 - Start completed.
2023-07-11T20:11:10.261-04:00  INFO 69208 --- [restartedMain] o.hibernate.jpa.internal.util.LogHelper  : HHH000204: Processing PersistenceUnitInfo [name: default]
2023-07-11T20:11:10.457-04:00  INFO 69208 --- [restartedMain] org.hibernate.Version                    : HHH000412: Hibernate ORM core version 6.2.5.Final
2023-07-11T20:11:10.469-04:00  INFO 69208 --- [restartedMain] org.hibernate.cfg.Environment            : HHH000406: Using bytecode reflection optimizer
2023-07-11T20:11:10.839-04:00  INFO 69208 --- [restartedMain] o.h.b.i.BytecodeProviderInitiator        : HHH000021: Bytecode provider name : bytebuddy
2023-07-11T20:11:11.320-04:00  INFO 69208 --- [restartedMain] o.s.o.j.p.SpringPersistenceUnitInfo      : No LoadTimeWeaver setup: ignoring JPA class transformer
2023-07-11T20:11:12.070-04:00  INFO 69208 --- [restartedMain] o.h.b.i.BytecodeProviderInitiator        : HHH000021: Bytecode provider name : bytebuddy
2023-07-11T20:11:13.095-04:00  INFO 69208 --- [restartedMain] o.h.e.t.j.p.i.JtaPlatformInitiator       : HHH000490: Using JtaPlatform implementation: [org.hibernate.engine.transaction.jta.platform.internal.NoJtaPlatform]
2023-07-11T20:11:13.375-04:00  INFO 69208 --- [restartedMain] j.LocalContainerEntityManagerFactoryBean : Initialized JPA EntityManagerFactory for persistence unit 'default'
2023-07-11T20:11:14.231-04:00  INFO 69208 --- [restartedMain] o.s.d.j.r.query.QueryEnhancerFactory     : Hibernate is in classpath; If applicable, HQL parser will be used.
2023-07-11T20:11:14.492-04:00  WARN 69208 --- [restartedMain] JpaBaseConfiguration$JpaWebConfiguration : spring.jpa.open-in-view is enabled by default. Therefore, database queries may be performed during view rendering. Explicitly configure spring.jpa.open-in-view to disable this warning
2023-07-11T20:11:15.386-04:00  INFO 69208 --- [restartedMain] o.s.s.web.DefaultSecurityFilterChain     : Will secure any request with [org.springframework.security.web.session.DisableEncodeUrlFilter@5cd62c7, org.springframework.security.web.context.request.async.WebAsyncManagerIntegrationFilter@3031c350, org.springframework.security.web.context.SecurityContextHolderFilter@69236d0d, org.springframework.security.web.header.HeaderWriterFilter@22d70397, org.springframework.security.web.csrf.CsrfFilter@43a29d09, org.springframework.security.web.authentication.logout.LogoutFilter@6db4316d, org.springframework.security.web.authentication.UsernamePasswordAuthenticationFilter@657957ed, org.springframework.security.web.savedrequest.RequestCacheAwareFilter@3d822a1a, org.springframework.security.web.servletapi.SecurityContextHolderAwareRequestFilter@24c56132, org.springframework.security.web.authentication.AnonymousAuthenticationFilter@1f583c84, org.springframework.security.web.access.ExceptionTranslationFilter@7898f5ac, org.springframework.security.web.access.intercept.AuthorizationFilter@6f0b5846]
2023-07-11T20:11:15.970-04:00  INFO 69208 --- [restartedMain] o.s.b.d.a.OptionalLiveReloadServer       : LiveReload server is running on port 35729
2023-07-11T20:11:16.060-04:00  INFO 69208 --- [restartedMain] o.s.b.w.embedded.tomcat.TomcatWebServer  : Tomcat started on port(s): 8080 (http) with context path ''
2023-07-11T20:11:16.080-04:00  INFO 69208 --- [restartedMain] o.s.equipcare.HemsApplication            : Started HemsApplication in 13.728 seconds (process running for 14.605)
2023-07-11T20:12:42.791-04:00  INFO 69208 --- [SpringApplicationShutdownHook] j.LocalContainerEntityManagerFactoryBean : Closing JPA EntityManagerFactory for persistence unit 'default'
2023-07-11T20:12:42.802-04:00  INFO 69208 --- [SpringApplicationShutdownHook] com.zaxxer.hikari.HikariDataSource       : HikariPool-1 - Shutdown initiated...
2023-07-11T20:12:42.832-04:00  INFO 69208 --- [SpringApplicationShutdownHook] com.zaxxer.hikari.HikariDataSource       : HikariPool-1 - Shutdown completed.
2023-07-11T20:12:49.097-04:00  INFO 48728 --- [restartedMain] o.s.equipcare.HemsApplication            : Starting HemsApplication using Java 17.0.7 with PID 48728 (C:\Users\shabn\IdeaProjects\hems\target\classes started by shabn in C:\Users\shabn\IdeaProjects\hems)
2023-07-11T20:12:49.102-04:00  INFO 48728 --- [restartedMain] o.s.equipcare.HemsApplication            : No active profile set, falling back to 1 default profile: "default"
2023-07-11T20:12:49.208-04:00  INFO 48728 --- [restartedMain] .e.DevToolsPropertyDefaultsPostProcessor : Devtools property defaults active! Set 'spring.devtools.add-properties' to 'false' to disable
2023-07-11T20:12:49.209-04:00  INFO 48728 --- [restartedMain] .e.DevToolsPropertyDefaultsPostProcessor : For additional web related logging consider setting the 'logging.level.web' property to 'DEBUG'
2023-07-11T20:12:50.835-04:00  INFO 48728 --- [restartedMain] .s.d.r.c.RepositoryConfigurationDelegate : Bootstrapping Spring Data JPA repositories in DEFAULT mode.
2023-07-11T20:12:51.058-04:00  INFO 48728 --- [restartedMain] .s.d.r.c.RepositoryConfigurationDelegate : Finished Spring Data repository scanning in 181 ms. Found 5 JPA repository interfaces.
2023-07-11T20:12:53.463-04:00  INFO 48728 --- [restartedMain] o.s.b.w.embedded.tomcat.TomcatWebServer  : Tomcat initialized with port(s): 8080 (http)
2023-07-11T20:12:53.502-04:00  INFO 48728 --- [restartedMain] o.apache.catalina.core.StandardService   : Starting service [Tomcat]
2023-07-11T20:12:53.504-04:00  INFO 48728 --- [restartedMain] o.apache.catalina.core.StandardEngine    : Starting Servlet engine: [Apache Tomcat/10.1.10]
2023-07-11T20:12:53.721-04:00  INFO 48728 --- [restartedMain] o.a.c.c.C.[Tomcat].[localhost].[/]       : Initializing Spring embedded WebApplicationContext
2023-07-11T20:12:53.722-04:00  INFO 48728 --- [restartedMain] w.s.c.ServletWebServerApplicationContext : Root WebApplicationContext: initialization completed in 4512 ms
2023-07-11T20:12:54.127-04:00  INFO 48728 --- [restartedMain] com.zaxxer.hikari.HikariDataSource       : HikariPool-1 - Starting...
2023-07-11T20:12:54.150-04:00  WARN 48728 --- [restartedMain] c.zaxxer.hikari.util.DriverDataSource    : Registered driver with driverClassName=com.mysql.jdbc.Driver was not found, trying direct instantiation.
2023-07-11T20:12:55.048-04:00  INFO 48728 --- [restartedMain] com.zaxxer.hikari.pool.HikariPool        : HikariPool-1 - Added connection com.mysql.cj.jdbc.ConnectionImpl@62d3b23a
2023-07-11T20:12:55.049-04:00  INFO 48728 --- [restartedMain] com.zaxxer.hikari.HikariDataSource       : HikariPool-1 - Start completed.
2023-07-11T20:12:55.353-04:00  INFO 48728 --- [restartedMain] o.hibernate.jpa.internal.util.LogHelper  : HHH000204: Processing PersistenceUnitInfo [name: default]
2023-07-11T20:12:55.638-04:00  INFO 48728 --- [restartedMain] org.hibernate.Version                    : HHH000412: Hibernate ORM core version 6.2.5.Final
2023-07-11T20:12:55.645-04:00  INFO 48728 --- [restartedMain] org.hibernate.cfg.Environment            : HHH000406: Using bytecode reflection optimizer
2023-07-11T20:12:56.091-04:00  INFO 48728 --- [restartedMain] o.h.b.i.BytecodeProviderInitiator        : HHH000021: Bytecode provider name : bytebuddy
2023-07-11T20:12:56.606-04:00  INFO 48728 --- [restartedMain] o.s.o.j.p.SpringPersistenceUnitInfo      : No LoadTimeWeaver setup: ignoring JPA class transformer
2023-07-11T20:12:57.432-04:00  INFO 48728 --- [restartedMain] o.h.b.i.BytecodeProviderInitiator        : HHH000021: Bytecode provider name : bytebuddy
2023-07-11T20:12:58.666-04:00  INFO 48728 --- [restartedMain] o.h.e.t.j.p.i.JtaPlatformInitiator       : HHH000490: Using JtaPlatform implementation: [org.hibernate.engine.transaction.jta.platform.internal.NoJtaPlatform]
2023-07-11T20:12:58.985-04:00  INFO 48728 --- [restartedMain] j.LocalContainerEntityManagerFactoryBean : Initialized JPA EntityManagerFactory for persistence unit 'default'
2023-07-11T20:12:59.871-04:00  INFO 48728 --- [restartedMain] o.s.d.j.r.query.QueryEnhancerFactory     : Hibernate is in classpath; If applicable, HQL parser will be used.
2023-07-11T20:13:00.074-04:00  WARN 48728 --- [restartedMain] JpaBaseConfiguration$JpaWebConfiguration : spring.jpa.open-in-view is enabled by default. Therefore, database queries may be performed during view rendering. Explicitly configure spring.jpa.open-in-view to disable this warning
2023-07-11T20:13:00.744-04:00  INFO 48728 --- [restartedMain] o.s.s.web.DefaultSecurityFilterChain     : Will secure any request with [org.springframework.security.web.session.DisableEncodeUrlFilter@723d0d20, org.springframework.security.web.context.request.async.WebAsyncManagerIntegrationFilter@39490ac4, org.springframework.security.web.context.SecurityContextHolderFilter@1a3b4429, org.springframework.security.web.header.HeaderWriterFilter@351dbfd, org.springframework.security.web.csrf.CsrfFilter@465a7975, org.springframework.security.web.authentication.logout.LogoutFilter@707e0eda, org.springframework.security.web.authentication.UsernamePasswordAuthenticationFilter@1fadf322, org.springframework.security.web.savedrequest.RequestCacheAwareFilter@387f765b, org.springframework.security.web.servletapi.SecurityContextHolderAwareRequestFilter@122cb1a1, org.springframework.security.web.authentication.AnonymousAuthenticationFilter@490dca2c, org.springframework.security.web.access.ExceptionTranslationFilter@8ce9efc, org.springframework.security.web.access.intercept.AuthorizationFilter@134b0e85]
2023-07-11T20:13:01.305-04:00  INFO 48728 --- [restartedMain] o.s.b.d.a.OptionalLiveReloadServer       : LiveReload server is running on port 35729
2023-07-11T20:13:01.368-04:00  INFO 48728 --- [restartedMain] o.s.b.w.embedded.tomcat.TomcatWebServer  : Tomcat started on port(s): 8080 (http) with context path ''
2023-07-11T20:13:01.384-04:00  INFO 48728 --- [restartedMain] o.s.equipcare.HemsApplication            : Started HemsApplication in 12.933 seconds (process running for 13.981)
2023-07-11T20:13:37.511-04:00  INFO 48728 --- [SpringApplicationShutdownHook] j.LocalContainerEntityManagerFactoryBean : Closing JPA EntityManagerFactory for persistence unit 'default'
2023-07-11T20:13:37.519-04:00  INFO 48728 --- [SpringApplicationShutdownHook] com.zaxxer.hikari.HikariDataSource       : HikariPool-1 - Shutdown initiated...
2023-07-11T20:13:37.543-04:00  INFO 48728 --- [SpringApplicationShutdownHook] com.zaxxer.hikari.HikariDataSource       : HikariPool-1 - Shutdown completed.
2023-07-11T20:13:46.031-04:00  INFO 63392 --- [restartedMain] o.s.equipcare.HemsApplication            : Starting HemsApplication using Java 17.0.7 with PID 63392 (C:\Users\shabn\IdeaProjects\hems\target\classes started by shabn in C:\Users\shabn\IdeaProjects\hems)
2023-07-11T20:13:46.034-04:00  INFO 63392 --- [restartedMain] o.s.equipcare.HemsApplication            : No active profile set, falling back to 1 default profile: "default"
2023-07-11T20:13:46.181-04:00  INFO 63392 --- [restartedMain] .e.DevToolsPropertyDefaultsPostProcessor : Devtools property defaults active! Set 'spring.devtools.add-properties' to 'false' to disable
2023-07-11T20:13:46.182-04:00  INFO 63392 --- [restartedMain] .e.DevToolsPropertyDefaultsPostProcessor : For additional web related logging consider setting the 'logging.level.web' property to 'DEBUG'
2023-07-11T20:13:48.516-04:00  INFO 63392 --- [restartedMain] .s.d.r.c.RepositoryConfigurationDelegate : Bootstrapping Spring Data JPA repositories in DEFAULT mode.
2023-07-11T20:13:48.666-04:00  INFO 63392 --- [restartedMain] .s.d.r.c.RepositoryConfigurationDelegate : Finished Spring Data repository scanning in 114 ms. Found 5 JPA repository interfaces.
2023-07-11T20:13:50.941-04:00  INFO 63392 --- [restartedMain] o.s.b.w.embedded.tomcat.TomcatWebServer  : Tomcat initialized with port(s): 8080 (http)
2023-07-11T20:13:50.987-04:00  INFO 63392 --- [restartedMain] o.apache.catalina.core.StandardService   : Starting service [Tomcat]
2023-07-11T20:13:50.989-04:00  INFO 63392 --- [restartedMain] o.apache.catalina.core.StandardEngine    : Starting Servlet engine: [Apache Tomcat/10.1.10]
2023-07-11T20:13:51.177-04:00  INFO 63392 --- [restartedMain] o.a.c.c.C.[Tomcat].[localhost].[/]       : Initializing Spring embedded WebApplicationContext
2023-07-11T20:13:51.178-04:00  INFO 63392 --- [restartedMain] w.s.c.ServletWebServerApplicationContext : Root WebApplicationContext: initialization completed in 4995 ms
2023-07-11T20:13:51.525-04:00  INFO 63392 --- [restartedMain] com.zaxxer.hikari.HikariDataSource       : HikariPool-1 - Starting...
2023-07-11T20:13:51.539-04:00  WARN 63392 --- [restartedMain] c.zaxxer.hikari.util.DriverDataSource    : Registered driver with driverClassName=com.mysql.jdbc.Driver was not found, trying direct instantiation.
2023-07-11T20:13:52.090-04:00  INFO 63392 --- [restartedMain] com.zaxxer.hikari.pool.HikariPool        : HikariPool-1 - Added connection com.mysql.cj.jdbc.ConnectionImpl@2c7aa984
2023-07-11T20:13:52.092-04:00  INFO 63392 --- [restartedMain] com.zaxxer.hikari.HikariDataSource       : HikariPool-1 - Start completed.
2023-07-11T20:13:52.538-04:00  INFO 63392 --- [restartedMain] o.hibernate.jpa.internal.util.LogHelper  : HHH000204: Processing PersistenceUnitInfo [name: default]
2023-07-11T20:13:52.707-04:00  INFO 63392 --- [restartedMain] org.hibernate.Version                    : HHH000412: Hibernate ORM core version 6.2.5.Final
2023-07-11T20:13:52.713-04:00  INFO 63392 --- [restartedMain] org.hibernate.cfg.Environment            : HHH000406: Using bytecode reflection optimizer
2023-07-11T20:13:53.037-04:00  INFO 63392 --- [restartedMain] o.h.b.i.BytecodeProviderInitiator        : HHH000021: Bytecode provider name : bytebuddy
2023-07-11T20:13:53.384-04:00  INFO 63392 --- [restartedMain] o.s.o.j.p.SpringPersistenceUnitInfo      : No LoadTimeWeaver setup: ignoring JPA class transformer
2023-07-11T20:13:54.121-04:00  INFO 63392 --- [restartedMain] o.h.b.i.BytecodeProviderInitiator        : HHH000021: Bytecode provider name : bytebuddy
2023-07-11T20:13:55.282-04:00  INFO 63392 --- [restartedMain] o.h.e.t.j.p.i.JtaPlatformInitiator       : HHH000490: Using JtaPlatform implementation: [org.hibernate.engine.transaction.jta.platform.internal.NoJtaPlatform]
2023-07-11T20:13:55.476-04:00  INFO 63392 --- [restartedMain] j.LocalContainerEntityManagerFactoryBean : Initialized JPA EntityManagerFactory for persistence unit 'default'
2023-07-11T20:13:56.219-04:00  INFO 63392 --- [restartedMain] o.s.d.j.r.query.QueryEnhancerFactory     : Hibernate is in classpath; If applicable, HQL parser will be used.
2023-07-11T20:13:56.422-04:00  WARN 63392 --- [restartedMain] JpaBaseConfiguration$JpaWebConfiguration : spring.jpa.open-in-view is enabled by default. Therefore, database queries may be performed during view rendering. Explicitly configure spring.jpa.open-in-view to disable this warning
2023-07-11T20:13:57.113-04:00  INFO 63392 --- [restartedMain] o.s.s.web.DefaultSecurityFilterChain     : Will secure any request with [org.springframework.security.web.session.DisableEncodeUrlFilter@6e1bfcdc, org.springframework.security.web.context.request.async.WebAsyncManagerIntegrationFilter@48760cda, org.springframework.security.web.context.SecurityContextHolderFilter@801b5bf, org.springframework.security.web.header.HeaderWriterFilter@3031c350, org.springframework.security.web.csrf.CsrfFilter@253fbdf2, org.springframework.security.web.authentication.logout.LogoutFilter@7abbe9bf, org.springframework.security.web.authentication.UsernamePasswordAuthenticationFilter@727b1752, org.springframework.security.web.savedrequest.RequestCacheAwareFilter@68766ae6, org.springframework.security.web.servletapi.SecurityContextHolderAwareRequestFilter@6170cc2e, org.springframework.security.web.authentication.AnonymousAuthenticationFilter@621d5301, org.springframework.security.web.access.ExceptionTranslationFilter@5745da09, org.springframework.security.web.access.intercept.AuthorizationFilter@43bcaef3]
2023-07-11T20:13:57.688-04:00  INFO 63392 --- [restartedMain] o.s.b.d.a.OptionalLiveReloadServer       : LiveReload server is running on port 35729
2023-07-11T20:13:57.761-04:00  INFO 63392 --- [restartedMain] o.s.b.w.embedded.tomcat.TomcatWebServer  : Tomcat started on port(s): 8080 (http) with context path ''
2023-07-11T20:13:57.775-04:00  INFO 63392 --- [restartedMain] o.s.equipcare.HemsApplication            : Started HemsApplication in 12.353 seconds (process running for 13.283)
2023-07-11T20:14:26.905-04:00  INFO 63392 --- [SpringApplicationShutdownHook] j.LocalContainerEntityManagerFactoryBean : Closing JPA EntityManagerFactory for persistence unit 'default'
2023-07-11T20:14:26.908-04:00  INFO 63392 --- [SpringApplicationShutdownHook] com.zaxxer.hikari.HikariDataSource       : HikariPool-1 - Shutdown initiated...
2023-07-11T20:14:26.922-04:00  INFO 63392 --- [SpringApplicationShutdownHook] com.zaxxer.hikari.HikariDataSource       : HikariPool-1 - Shutdown completed.
